[0m14:01:16.095971 [debug] [MainThread]: Sending event: {'category': 'dbt', 'action': 'invocation', 'label': 'start', 'context': [<snowplow_tracker.self_describing_json.SelfDescribingJson object at 0x7873a9a70bf0>, <snowplow_tracker.self_describing_json.SelfDescribingJson object at 0x7873aafed310>, <snowplow_tracker.self_describing_json.SelfDescribingJson object at 0x7873abdf13a0>]}


============================== 14:01:16.112264 | 594e15e1-ebce-4182-967a-2bda25d1a443 ==============================
[0m14:01:16.112264 [info ] [MainThread]: Running with dbt=1.11.11
[0m14:01:16.113647 [debug] [MainThread]: running dbt with arguments {'empty': 'None', 'send_anonymous_usage_stats': 'True', 'fail_fast': 'False', 'cache_selected_only': 'False', 'debug': 'False', 'introspect': 'True', 'printer_width': '80', 'version_check': 'True', 'indirect_selection': 'eager', 'invocation_command': 'dbt init dbt_project', 'use_experimental_parser': 'False', 'warn_error_options': 'WarnErrorOptionsV2(error=[], warn=[], silence=[])', 'use_colors': 'True', 'target_path': 'None', 'log_path': 'logs', 'partial_parse': 'True', 'log_format': 'default', 'no_print': 'None', 'warn_error': 'None', 'profiles_dir': '/home/codespace/.dbt', 'log_cache_events': 'False', 'quiet': 'False', 'write_json': 'True', 'static_parser': 'True'}
[0m14:01:16.130826 [info ] [MainThread]: Creating dbt configuration folder at /home/codespace/.dbt
[0m14:01:16.133458 [debug] [MainThread]: Starter project path: /usr/local/python/3.12.1/lib/python3.12/site-packages/dbt/include/starter_project
[0m14:01:16.142625 [info ] [MainThread]: 
Your new dbt project "dbt_project" was created!

For more information on how to configure the profiles.yml file,
please consult the dbt documentation here:

  https://docs.getdbt.com/docs/configure-your-profile

One more thing:

Need help? Don't hesitate to reach out to us via GitHub issues or on Slack:

  https://community.getdbt.com/

Happy modeling!

[0m14:01:16.143881 [info ] [MainThread]: Setting up your profile.
[0m14:01:31.164042 [debug] [MainThread]: Snowflake adapter: Setting snowflake.connector to ERROR (file logging only)
[0m14:01:31.164809 [debug] [MainThread]: Snowflake adapter: Setting botocore to ERROR (file logging only)
[0m14:01:31.165411 [debug] [MainThread]: Snowflake adapter: Setting boto3 to ERROR (file logging only)
[0m14:03:21.288208 [info ] [MainThread]: Profile dbt_project written to /home/codespace/.dbt/profiles.yml using target's profile_template.yml and your supplied values. Run 'dbt debug' to validate the connection.
[0m14:03:21.291427 [debug] [MainThread]: Resource report: {"command_name": "init", "command_success": true, "command_wall_clock_time": 125.286835, "process_in_blocks": "68872", "process_kernel_time": 0.469283, "process_mem_max_rss": "221884", "process_out_blocks": "88", "process_user_time": 3.958218}
[0m14:03:21.292515 [debug] [MainThread]: Command `dbt init` succeeded at 14:03:21.292336 after 125.29 seconds
[0m14:03:21.293086 [debug] [MainThread]: Sending event: {'category': 'dbt', 'action': 'invocation', 'label': 'end', 'context': [<snowplow_tracker.self_describing_json.SelfDescribingJson object at 0x7873a90aab40>, <snowplow_tracker.self_describing_json.SelfDescribingJson object at 0x787393ff3c50>, <snowplow_tracker.self_describing_json.SelfDescribingJson object at 0x787393f70530>]}
[0m14:03:21.293756 [debug] [MainThread]: Flushing usage events
[0m14:03:22.107001 [debug] [MainThread]: An error was encountered while trying to flush usage events
[0m14:03:35.974982 [debug] [MainThread]: Sending event: {'category': 'dbt', 'action': 'invocation', 'label': 'start', 'context': [<snowplow_tracker.self_describing_json.SelfDescribingJson object at 0x737a6f7728a0>, <snowplow_tracker.self_describing_json.SelfDescribingJson object at 0x737a6f9a38f0>, <snowplow_tracker.self_describing_json.SelfDescribingJson object at 0x737a6f772960>]}


============================== 14:03:35.981353 | 878ea03c-8a8f-4926-9289-45fb753fcffb ==============================
[0m14:03:35.981353 [info ] [MainThread]: Running with dbt=1.11.11
[0m14:03:35.982594 [debug] [MainThread]: running dbt with arguments {'log_cache_events': 'False', 'warn_error': 'None', 'debug': 'False', 'send_anonymous_usage_stats': 'True', 'empty': 'None', 'log_format': 'default', 'write_json': 'True', 'cache_selected_only': 'False', 'log_path': 'logs', 'profiles_dir': '/home/codespace/.dbt', 'no_print': 'None', 'warn_error_options': 'WarnErrorOptionsV2(error=[], warn=[], silence=[])', 'version_check': 'True', 'static_parser': 'True', 'partial_parse': 'True', 'fail_fast': 'False', 'target_path': 'None', 'indirect_selection': 'eager', 'invocation_command': 'dbt debug', 'introspect': 'True', 'printer_width': '80', 'use_colors': 'True', 'quiet': 'False', 'use_experimental_parser': 'False'}
[0m14:03:36.001550 [info ] [MainThread]: dbt version: 1.11.11
[0m14:03:36.002418 [info ] [MainThread]: python version: 3.12.1
[0m14:03:36.003298 [info ] [MainThread]: python path: /usr/local/python/3.12.1/bin/python3
[0m14:03:36.004150 [info ] [MainThread]: os info: Linux-6.8.0-1052-azure-x86_64-with-glibc2.39
[0m14:03:36.775762 [debug] [MainThread]: Snowflake adapter: Setting snowflake.connector to ERROR (file logging only)
[0m14:03:36.776420 [debug] [MainThread]: Snowflake adapter: Setting botocore to ERROR (file logging only)
[0m14:03:36.777033 [debug] [MainThread]: Snowflake adapter: Setting boto3 to ERROR (file logging only)
[0m14:03:36.868495 [info ] [MainThread]: Using profiles dir at /home/codespace/.dbt
[0m14:03:36.869367 [info ] [MainThread]: Using profiles.yml file at /home/codespace/.dbt/profiles.yml
[0m14:03:36.870211 [info ] [MainThread]: Using dbt_project.yml file at /workspaces/Loop-commerce-analytics-platform/dbt_project.yml
[0m14:03:36.872035 [info ] [MainThread]: adapter type: snowflake
[0m14:03:36.872777 [info ] [MainThread]: adapter version: 1.11.5
[0m14:03:36.873351 [info ] [MainThread]: Configuration:
[0m14:03:36.873930 [info ] [MainThread]:   profiles.yml file [[32mOK found and valid[0m]
[0m14:03:36.874495 [info ] [MainThread]:   dbt_project.yml file [[31mERROR not found[0m]
[0m14:03:36.875175 [info ] [MainThread]: Required dependencies:
[0m14:03:36.875827 [debug] [MainThread]: Executing "git --help"
[0m14:03:36.880936 [debug] [MainThread]: STDOUT: "b"usage: git [-v | --version] [-h | --help] [-C <path>] [-c <name>=<value>]\n           [--exec-path[=<path>]] [--html-path] [--man-path] [--info-path]\n           [-p | --paginate | -P | --no-pager] [--no-replace-objects] [--no-lazy-fetch]\n           [--no-optional-locks] [--no-advice] [--bare] [--git-dir=<path>]\n           [--work-tree=<path>] [--namespace=<name>] [--config-env=<name>=<envvar>]\n           <command> [<args>]\n\nThese are common Git commands used in various situations:\n\nstart a working area (see also: git help tutorial)\n   clone      Clone a repository into a new directory\n   init       Create an empty Git repository or reinitialize an existing one\n\nwork on the current change (see also: git help everyday)\n   add        Add file contents to the index\n   mv         Move or rename a file, a directory, or a symlink\n   restore    Restore working tree files\n   rm         Remove files from the working tree and from the index\n\nexamine the history and state (see also: git help revisions)\n   bisect     Use binary search to find the commit that introduced a bug\n   diff       Show changes between commits, commit and working tree, etc\n   grep       Print lines matching a pattern\n   log        Show commit logs\n   show       Show various types of objects\n   status     Show the working tree status\n\ngrow, mark and tweak your common history\n   backfill   Download missing objects in a partial clone\n   branch     List, create, or delete branches\n   commit     Record changes to the repository\n   merge      Join two or more development histories together\n   rebase     Reapply commits on top of another base tip\n   reset      Set `HEAD` or the index to a known state\n   switch     Switch branches\n   tag        Create, list, delete or verify tags\n\ncollaborate (see also: git help workflows)\n   fetch      Download objects and refs from another repository\n   pull       Fetch from and integrate with another repository or a local branch\n   push       Update remote refs along with associated objects\n\n'git help -a' and 'git help -g' list available subcommands and some\nconcept guides. See 'git help <command>' or 'git help <concept>'\nto read about a specific subcommand or concept.\nSee 'git help git' for an overview of the system.\n""
[0m14:03:36.882307 [debug] [MainThread]: STDERR: "b''"
[0m14:03:36.882864 [info ] [MainThread]:  - git [[32mOK found[0m]

[0m14:03:36.884545 [info ] [MainThread]: Connection:
[0m14:03:36.885201 [info ] [MainThread]:   account: CRBXCSE-HL87120
[0m14:03:36.886031 [info ] [MainThread]:   user: PNEHE
[0m14:03:36.886614 [info ] [MainThread]:   database: LOOP_DB
[0m14:03:36.887170 [info ] [MainThread]:   warehouse: LOOP_WH
[0m14:03:36.887819 [info ] [MainThread]:   role: ACCOUNTADMIN
[0m14:03:36.888375 [info ] [MainThread]:   schema: STAGING
[0m14:03:36.890068 [info ] [MainThread]:   authenticator: None
[0m14:03:36.890678 [info ] [MainThread]:   oauth_client_id: None
[0m14:03:36.891237 [info ] [MainThread]:   query_tag: None
[0m14:03:36.891808 [info ] [MainThread]:   client_session_keep_alive: False
[0m14:03:36.892339 [info ] [MainThread]:   host: None
[0m14:03:36.892994 [info ] [MainThread]:   port: None
[0m14:03:36.893637 [info ] [MainThread]:   proxy_host: None
[0m14:03:36.894247 [info ] [MainThread]:   proxy_port: None
[0m14:03:36.894855 [info ] [MainThread]:   protocol: None
[0m14:03:36.895653 [info ] [MainThread]:   connect_retries: 1
[0m14:03:36.896422 [info ] [MainThread]:   connect_timeout: None
[0m14:03:36.897123 [info ] [MainThread]:   retry_on_database_errors: False
[0m14:03:36.897704 [info ] [MainThread]:   retry_all: False
[0m14:03:36.898312 [info ] [MainThread]:   insecure_mode: False
[0m14:03:36.898914 [info ] [MainThread]:   reuse_connections: True
[0m14:03:36.899589 [info ] [MainThread]:   s3_stage_vpce_dns_name: None
[0m14:03:36.900357 [info ] [MainThread]:   platform_detection_timeout_seconds: 0.0
[0m14:03:36.901354 [info ] [MainThread]: Registered adapter: snowflake=1.11.5
[0m14:03:37.172929 [debug] [MainThread]: Acquiring new snowflake connection 'debug'
[0m14:03:37.672355 [debug] [MainThread]: Using snowflake connection "debug"
[0m14:03:37.673059 [debug] [MainThread]: On debug: select 1 as id
[0m14:03:37.673630 [debug] [MainThread]: Opening a new connection, currently in state init
[0m14:03:38.824867 [debug] [MainThread]: SQL status: SUCCESS 1 in 1.150 seconds
[0m14:03:38.834828 [info ] [MainThread]:   Connection test: [[32mOK connection ok[0m]

[0m14:03:38.835625 [info ] [MainThread]: [31m1 check failed:[0m
[0m14:03:38.836529 [info ] [MainThread]: Project loading failed for the following reason:
 project path </workspaces/Loop-commerce-analytics-platform/dbt_project.yml> not found

[0m14:03:38.838171 [debug] [MainThread]: Resource report: {"command_name": "debug", "command_success": false, "command_wall_clock_time": 2.9453356, "process_in_blocks": "24000", "process_kernel_time": 0.568078, "process_mem_max_rss": "241164", "process_out_blocks": "2320", "process_user_time": 4.31286}
[0m14:03:38.839176 [debug] [MainThread]: Command `dbt debug` failed at 14:03:38.839010 after 2.95 seconds
[0m14:03:38.840076 [debug] [MainThread]: Connection 'debug' was left open.
[0m14:03:38.840806 [debug] [MainThread]: On debug: Close
[0m14:03:39.168202 [debug] [MainThread]: Sending event: {'category': 'dbt', 'action': 'invocation', 'label': 'end', 'context': [<snowplow_tracker.self_describing_json.SelfDescribingJson object at 0x737a58f64d10>, <snowplow_tracker.self_describing_json.SelfDescribingJson object at 0x737a5a716db0>, <snowplow_tracker.self_describing_json.SelfDescribingJson object at 0x737a58f64980>]}
[0m14:03:39.174760 [debug] [MainThread]: Flushing usage events
[0m14:03:40.019853 [debug] [MainThread]: An error was encountered while trying to flush usage events
[0m15:03:50.867337 [debug] [MainThread]: Sending event: {'category': 'dbt', 'action': 'invocation', 'label': 'start', 'context': [<snowplow_tracker.self_describing_json.SelfDescribingJson object at 0x7d208763a600>, <snowplow_tracker.self_describing_json.SelfDescribingJson object at 0x7d20876ab920>, <snowplow_tracker.self_describing_json.SelfDescribingJson object at 0x7d20899b9a90>]}


============================== 15:03:50.880770 | 410a4121-44d9-4092-9119-49a5abd67d9f ==============================
[0m15:03:50.880770 [info ] [MainThread]: Running with dbt=1.11.11
[0m15:03:50.881563 [debug] [MainThread]: running dbt with arguments {'partial_parse': 'True', 'log_cache_events': 'False', 'printer_width': '80', 'invocation_command': 'dbt run', 'static_parser': 'True', 'quiet': 'False', 'version_check': 'True', 'use_colors': 'True', 'send_anonymous_usage_stats': 'True', 'no_print': 'None', 'warn_error_options': 'WarnErrorOptionsV2(error=[], warn=[], silence=[])', 'warn_error': 'None', 'profiles_dir': '/home/codespace/.dbt', 'introspect': 'True', 'log_path': 'logs', 'cache_selected_only': 'False', 'target_path': 'None', 'debug': 'False', 'empty': 'False', 'use_experimental_parser': 'False', 'indirect_selection': 'eager', 'fail_fast': 'False', 'log_format': 'default', 'write_json': 'True'}
[0m15:03:50.883008 [error] [MainThread]: Encountered an error:
Runtime Error
  No dbt_project.yml found at expected path /workspaces/Loop-commerce-analytics-platform/dbt_project.yml
  Verify that each entry within packages.yml (and their transitive dependencies) contains a file named dbt_project.yml
  
[0m15:03:50.885654 [debug] [MainThread]: Resource report: {"command_name": "run", "command_success": false, "command_wall_clock_time": 0.14036176, "process_in_blocks": "95744", "process_kernel_time": 0.441582, "process_mem_max_rss": "119120", "process_out_blocks": "16", "process_user_time": 3.282591}
[0m15:03:50.886713 [debug] [MainThread]: Command `dbt run` failed at 15:03:50.886512 after 0.14 seconds
[0m15:03:50.889229 [debug] [MainThread]: Sending event: {'category': 'dbt', 'action': 'invocation', 'label': 'end', 'context': [<snowplow_tracker.self_describing_json.SelfDescribingJson object at 0x7d2086ef0cb0>, <snowplow_tracker.self_describing_json.SelfDescribingJson object at 0x7d2087d80260>, <snowplow_tracker.self_describing_json.SelfDescribingJson object at 0x7d208c203aa0>]}
[0m15:03:50.892497 [debug] [MainThread]: Flushing usage events
[0m15:03:51.905972 [debug] [MainThread]: An error was encountered while trying to flush usage events
[0m15:03:56.216858 [debug] [MainThread]: Sending event: {'category': 'dbt', 'action': 'invocation', 'label': 'start', 'context': [<snowplow_tracker.self_describing_json.SelfDescribingJson object at 0x797861e786b0>, <snowplow_tracker.self_describing_json.SelfDescribingJson object at 0x7978613c0560>, <snowplow_tracker.self_describing_json.SelfDescribingJson object at 0x797861438140>]}


============================== 15:03:56.223160 | 710fddd8-62cc-4cbf-8c70-8cfea4073b9a ==============================
[0m15:03:56.223160 [info ] [MainThread]: Running with dbt=1.11.11
[0m15:03:56.224348 [debug] [MainThread]: running dbt with arguments {'quiet': 'False', 'send_anonymous_usage_stats': 'True', 'warn_error_options': 'WarnErrorOptionsV2(error=[], warn=[], silence=[])', 'write_json': 'True', 'profiles_dir': '/home/codespace/.dbt', 'fail_fast': 'False', 'debug': 'False', 'log_path': 'logs', 'no_print': 'None', 'introspect': 'True', 'printer_width': '80', 'partial_parse': 'True', 'indirect_selection': 'eager', 'target_path': 'None', 'warn_error': 'None', 'use_experimental_parser': 'False', 'use_colors': 'True', 'static_parser': 'True', 'invocation_command': 'dbt test', 'version_check': 'True', 'empty': 'None', 'log_cache_events': 'False', 'cache_selected_only': 'False', 'log_format': 'default'}
[0m15:03:56.226236 [error] [MainThread]: Encountered an error:
Runtime Error
  No dbt_project.yml found at expected path /workspaces/Loop-commerce-analytics-platform/dbt_project.yml
  Verify that each entry within packages.yml (and their transitive dependencies) contains a file named dbt_project.yml
  
[0m15:03:56.228879 [debug] [MainThread]: Resource report: {"command_name": "test", "command_success": false, "command_wall_clock_time": 0.08936473, "process_in_blocks": "0", "process_kernel_time": 0.271994, "process_mem_max_rss": "119260", "process_out_blocks": "16", "process_user_time": 3.038598}
[0m15:03:56.229991 [debug] [MainThread]: Command `dbt test` failed at 15:03:56.229802 after 0.09 seconds
[0m15:03:56.232300 [debug] [MainThread]: Sending event: {'category': 'dbt', 'action': 'invocation', 'label': 'end', 'context': [<snowplow_tracker.self_describing_json.SelfDescribingJson object at 0x797861223a10>, <snowplow_tracker.self_describing_json.SelfDescribingJson object at 0x797863c86000>, <snowplow_tracker.self_describing_json.SelfDescribingJson object at 0x797861438140>]}
[0m15:03:56.233500 [debug] [MainThread]: Flushing usage events
[0m15:03:57.038224 [debug] [MainThread]: An error was encountered while trying to flush usage events
